{"/Users/bekahlundy/bekah/unit-testing-party/src/App.tsx": {"path":"/Users/bekahlundy/bekah/unit-testing-party/src/App.tsx","statementMap":{"0":{"start":{"line":20,"column":12},"end":{"line":70,"column":1}},"1":{"start":{"line":21,"column":2},"end":{"line":69,"column":4}},"2":{"start":{"line":81,"column":21},"end":{"line":85,"column":1}},"3":{"start":{"line":87,"column":15},"end":{"line":91,"column":1}}},"fnMap":{"0":{"name":"(anonymous_0)","decl":{"start":{"line":20,"column":12},"end":{"line":20,"column":13}},"loc":{"start":{"line":20,"column":18},"end":{"line":70,"column":1}},"line":20}},"branchMap":{},"s":{"0":0,"1":0,"2":0,"3":0},"f":{"0":0},"b":{}}
,"/Users/bekahlundy/bekah/unit-testing-party/src/index.js": {"path":"/Users/bekahlundy/bekah/unit-testing-party/src/index.js","statementMap":{"0":{"start":{"line":7,"column":13},"end":{"line":7,"column":65}},"1":{"start":{"line":8,"column":0},"end":{"line":12,"column":2}},"2":{"start":{"line":17,"column":0},"end":{"line":17,"column":18}}},"fnMap":{},"branchMap":{},"s":{"0":0,"1":0,"2":0},"f":{},"b":{}}
,"/Users/bekahlundy/bekah/unit-testing-party/src/reportWebVitals.js": {"path":"/Users/bekahlundy/bekah/unit-testing-party/src/reportWebVitals.js","statementMap":{"0":{"start":{"line":1,"column":24},"end":{"line":11,"column":1}},"1":{"start":{"line":2,"column":2},"end":{"line":10,"column":3}},"2":{"start":{"line":3,"column":4},"end":{"line":9,"column":7}},"3":{"start":{"line":4,"column":6},"end":{"line":4,"column":26}},"4":{"start":{"line":5,"column":6},"end":{"line":5,"column":26}},"5":{"start":{"line":6,"column":6},"end":{"line":6,"column":26}},"6":{"start":{"line":7,"column":6},"end":{"line":7,"column":26}},"7":{"start":{"line":8,"column":6},"end":{"line":8,"column":27}}},"fnMap":{"0":{"name":"(anonymous_0)","decl":{"start":{"line":1,"column":24},"end":{"line":1,"column":25}},"loc":{"start":{"line":1,"column":39},"end":{"line":11,"column":1}},"line":1},"1":{"name":"(anonymous_1)","decl":{"start":{"line":3,"column":30},"end":{"line":3,"column":31}},"loc":{"start":{"line":3,"column":79},"end":{"line":9,"column":5}},"line":3}},"branchMap":{"0":{"loc":{"start":{"line":2,"column":2},"end":{"line":10,"column":3}},"type":"if","locations":[{"start":{"line":2,"column":2},"end":{"line":10,"column":3}},{"start":{},"end":{}}],"line":2},"1":{"loc":{"start":{"line":2,"column":6},"end":{"line":2,"column":52}},"type":"binary-expr","locations":[{"start":{"line":2,"column":6},"end":{"line":2,"column":17}},{"start":{"line":2,"column":21},"end":{"line":2,"column":52}}],"line":2}},"s":{"0":0,"1":0,"2":0,"3":0,"4":0,"5":0,"6":0,"7":0},"f":{"0":0,"1":0},"b":{"0":[0,0],"1":[0,0]}}
,"/Users/bekahlundy/bekah/unit-testing-party/src/components/DynamicClassNameComponent.tsx": {"path":"/Users/bekahlundy/bekah/unit-testing-party/src/components/DynamicClassNameComponent.tsx","statementMap":{"0":{"start":{"line":6,"column":38},"end":{"line":12,"column":1}},"1":{"start":{"line":7,"column":2},"end":{"line":11,"column":4}},"2":{"start":{"line":14,"column":39},"end":{"line":27,"column":1}},"3":{"start":{"line":15,"column":34},"end":{"line":15,"column":49}},"4":{"start":{"line":16,"column":2},"end":{"line":26,"column":4}},"5":{"start":{"line":20,"column":23},"end":{"line":20,"column":45}}},"fnMap":{"0":{"name":"(anonymous_0)","decl":{"start":{"line":6,"column":38},"end":{"line":6,"column":39}},"loc":{"start":{"line":6,"column":61},"end":{"line":12,"column":1}},"line":6},"1":{"name":"(anonymous_1)","decl":{"start":{"line":14,"column":39},"end":{"line":14,"column":40}},"loc":{"start":{"line":14,"column":45},"end":{"line":27,"column":1}},"line":14},"2":{"name":"(anonymous_2)","decl":{"start":{"line":20,"column":17},"end":{"line":20,"column":18}},"loc":{"start":{"line":20,"column":23},"end":{"line":20,"column":45}},"line":20}},"branchMap":{"0":{"loc":{"start":{"line":9,"column":24},"end":{"line":9,"column":46}},"type":"cond-expr","locations":[{"start":{"line":9,"column":33},"end":{"line":9,"column":41}},{"start":{"line":9,"column":44},"end":{"line":9,"column":46}}],"line":9},"1":{"loc":{"start":{"line":21,"column":19},"end":{"line":21,"column":54}},"type":"cond-expr","locations":[{"start":{"line":21,"column":29},"end":{"line":21,"column":38}},{"start":{"line":21,"column":41},"end":{"line":21,"column":54}}],"line":21},"2":{"loc":{"start":{"line":23,"column":9},"end":{"line":23,"column":64}},"type":"cond-expr","locations":[{"start":{"line":23,"column":19},"end":{"line":23,"column":50}},{"start":{"line":23,"column":53},"end":{"line":23,"column":64}}],"line":23}},"s":{"0":1,"1":4,"2":1,"3":4,"4":4,"5":2},"f":{"0":4,"1":4,"2":2},"b":{"0":[1,3],"1":[2,2],"2":[2,2]},"_coverageSchema":"1a1c01bbd47fc00a2c39e90264f33305004495a9","hash":"e28496254eae55acabd1f22bab5d866dba5739a1"}
,"/Users/bekahlundy/bekah/unit-testing-party/src/components/DynamicContainer.tsx": {"path":"/Users/bekahlundy/bekah/unit-testing-party/src/components/DynamicContainer.tsx","statementMap":{},"fnMap":{},"branchMap":{},"s":{},"f":{},"b":{}}
,"/Users/bekahlundy/bekah/unit-testing-party/src/components/GlobalStyles.tsx": {"path":"/Users/bekahlundy/bekah/unit-testing-party/src/components/GlobalStyles.tsx","statementMap":{"0":{"start":{"line":11,"column":31},"end":{"line":31,"column":1}},"1":{"start":{"line":17,"column":2},"end":{"line":30,"column":4}},"2":{"start":{"line":33,"column":33},"end":{"line":35,"column":1}},"3":{"start":{"line":37,"column":16},"end":{"line":39,"column":1}},"4":{"start":{"line":41,"column":18},"end":{"line":45,"column":1}}},"fnMap":{"0":{"name":"(anonymous_0)","decl":{"start":{"line":11,"column":31},"end":{"line":11,"column":32}},"loc":{"start":{"line":16,"column":28},"end":{"line":31,"column":1}},"line":16}},"branchMap":{"0":{"loc":{"start":{"line":20,"column":9},"end":{"line":22,"column":9}},"type":"binary-expr","locations":[{"start":{"line":20,"column":9},"end":{"line":20,"column":24}},{"start":{"line":21,"column":10},"end":{"line":21,"column":67}}],"line":20},"1":{"loc":{"start":{"line":23,"column":9},"end":{"line":23,"column":76}},"type":"binary-expr","locations":[{"start":{"line":23,"column":9},"end":{"line":23,"column":21}},{"start":{"line":23,"column":25},"end":{"line":23,"column":76}}],"line":23},"2":{"loc":{"start":{"line":24,"column":9},"end":{"line":24,"column":59}},"type":"binary-expr","locations":[{"start":{"line":24,"column":9},"end":{"line":24,"column":22}},{"start":{"line":24,"column":26},"end":{"line":24,"column":59}}],"line":24}},"s":{"0":0,"1":0,"2":0,"3":0,"4":0},"f":{"0":0},"b":{"0":[0,0],"1":[0,0],"2":[0,0]}}
,"/Users/bekahlundy/bekah/unit-testing-party/src/components/Test.tsx": {"path":"/Users/bekahlundy/bekah/unit-testing-party/src/components/Test.tsx","statementMap":{"0":{"start":{"line":4,"column":13},"end":{"line":11,"column":1}},"1":{"start":{"line":5,"column":2},"end":{"line":10,"column":4}},"2":{"start":{"line":13,"column":18},"end":{"line":20,"column":1}},"3":{"start":{"line":22,"column":17},"end":{"line":26,"column":1}}},"fnMap":{"0":{"name":"(anonymous_0)","decl":{"start":{"line":4,"column":13},"end":{"line":4,"column":14}},"loc":{"start":{"line":4,"column":42},"end":{"line":11,"column":1}},"line":4}},"branchMap":{},"s":{"0":0,"1":0,"2":0,"3":0},"f":{"0":0},"b":{}}
,"/Users/bekahlundy/bekah/unit-testing-party/src/components/WorkingWithText.tsx": {"path":"/Users/bekahlundy/bekah/unit-testing-party/src/components/WorkingWithText.tsx","statementMap":{"0":{"start":{"line":3,"column":24},"end":{"line":14,"column":1}},"1":{"start":{"line":4,"column":2},"end":{"line":13,"column":4}}},"fnMap":{"0":{"name":"(anonymous_0)","decl":{"start":{"line":3,"column":24},"end":{"line":3,"column":25}},"loc":{"start":{"line":3,"column":30},"end":{"line":14,"column":1}},"line":3}},"branchMap":{},"s":{"0":1,"1":3},"f":{"0":3},"b":{},"_coverageSchema":"1a1c01bbd47fc00a2c39e90264f33305004495a9","hash":"3164b9ade734a3392734264cdecdbbee41556390"}
}
